<?xml version="1.0" encoding="UTF-8"?>
<testsuites>
  <testsuite name="motorcycle Page" timestamp="2021-08-20T17:16:56" time="11.323" tests="2" failures="0" errors="0" skipped="0">
    <properties>
      <property name="specId" value="0"/>
      <property name="suiteName" value="motorcycle Page"/>
      <property name="capabilities" value="chrome.92_0_4515_159.macosx"/>
      <property name="file" value="./test/specs/motor.js"/>
    </properties>
    <testcase classname="chrome.92_0_4515_159.macosx.motorcycle Page" name="should show the banner container" time="1.32">
      <system-out><![CDATA[
COMMAND: POST /session/634f8d017638a4fd6a9afb8aa4c560b1/element - {"using":"css selector","value":".category-main-banner"}
RESULT: {"using":"css selector","value":".category-main-banner"}
COMMAND: POST /session/634f8d017638a4fd6a9afb8aa4c560b1/execute/sync - {"script":"return (function isElementDisplayed(element) {\n    function nodeIsElement(node) {\n        if (!node) {\n            return false;\n        }\n        switch (node.nodeType) {\n            case Node.ELEMEN ... (7762 more bytes)","args":[{"element-6066-11e4-a52e-4f735466cecf":"f7d64a48-aa8b-45fb-9e83-1af4d8f6e444","ELEMENT":"f7d64a48-aa8b-45fb-9e83-1af4d8f6e444"}]}
RESULT: {"script":"return (function isElementDisplayed(element) {\n    function nodeIsElement(node) {\n        if (!node) {\n            return false;\n        }\n        switch (node.nodeType) {\n            case Node.ELEMEN ... (7762 more bytes)","args":[{"element-6066-11e4-a52e-4f735466cecf":"f7d64a48-aa8b-45fb-9e83-1af4d8f6e444","ELEMENT":"f7d64a48-aa8b-45fb-9e83-1af4d8f6e444"}]}
COMMAND: GET /session/634f8d017638a4fd6a9afb8aa4c560b1/screenshot - {}
RESULT: {}
]]></system-out>
    </testcase>
    <testcase classname="chrome.92_0_4515_159.macosx.motorcycle Page" name="navigate to new url" time="4.34">
      <system-out><![CDATA[
COMMAND: POST /session/634f8d017638a4fd6a9afb8aa4c560b1/element - {"using":"css selector","value":".category-main-banner"}
RESULT: {"using":"css selector","value":".category-main-banner"}
COMMAND: POST /session/634f8d017638a4fd6a9afb8aa4c560b1/element/f7d64a48-aa8b-45fb-9e83-1af4d8f6e444/click - {}
RESULT: {}
COMMAND: POST /session/634f8d017638a4fd6a9afb8aa4c560b1/url - {"url":"https://www.bukalapak.com/promo-campaign/flash-diskon?from=category&section=banner_hero"}
RESULT: {"url":"https://www.bukalapak.com/promo-campaign/flash-diskon?from=category&section=banner_hero"}
COMMAND: GET /session/634f8d017638a4fd6a9afb8aa4c560b1/url - {}
RESULT: {}
COMMAND: POST /session/634f8d017638a4fd6a9afb8aa4c560b1/element - {"using":"xpath","value":"//p[contains(text(),  'Flash Diskon')]"}
RESULT: {"using":"xpath","value":"//p[contains(text(),  'Flash Diskon')]"}
COMMAND: GET /session/634f8d017638a4fd6a9afb8aa4c560b1/element/ad35f3f2-2cfb-4bcf-b528-830bdc447970/text - {}
RESULT: {}
COMMAND: GET /session/634f8d017638a4fd6a9afb8aa4c560b1/url - {}
RESULT: {}
COMMAND: GET /session/634f8d017638a4fd6a9afb8aa4c560b1/screenshot - {}
RESULT: {}
COMMAND: DELETE /session/634f8d017638a4fd6a9afb8aa4c560b1 - {}
RESULT: {}
]]></system-out>
    </testcase>
  </testsuite>
</testsuites>