<?xml version="1.0" encoding="UTF-8"?>
<testsuites>
  <testsuite name="Bukalapak product search" timestamp="2021-08-09T14:35:29" time="6.75" tests="2" failures="1" errors="1" skipped="0">
    <properties>
      <property name="specId" value="0"/>
      <property name="suiteName" value="Bukalapak product search"/>
      <property name="capabilities" value="chrome.92_0_4515_131.macosx"/>
      <property name="file" value="./test/specs/search.js"/>
    </properties>
    <testcase classname="chrome.92_0_4515_131.macosx.Bukalapak product search" name="should open the main url and verify the title" time="3.647">
      <system-out><![CDATA[
COMMAND: POST /session/8fce7c40bef7c2af79a5ff5a085b130c/url - {"url":"https://www.bukalapak.com/"}
RESULT: {"url":"https://www.bukalapak.com/"}
COMMAND: GET /session/8fce7c40bef7c2af79a5ff5a085b130c/title - {}
RESULT: {}
COMMAND: GET /session/8fce7c40bef7c2af79a5ff5a085b130c/screenshot - {}
RESULT: {}
]]></system-out>
    </testcase>
    <testcase classname="chrome.92_0_4515_131.macosx.Bukalapak product search" name="search a product and verify the result" time="3.086">
      <failure/>
      <error message="searchInput is not defined"/>
      <system-out><![CDATA[
COMMAND: POST /session/8fce7c40bef7c2af79a5ff5a085b130c/element - {"using":"css selector","value":"#v-omnisearch__input"}
RESULT: {"using":"css selector","value":"#v-omnisearch__input"}
COMMAND: POST /session/8fce7c40bef7c2af79a5ff5a085b130c/element/260bedab-9bda-45aa-844f-0340ca29ebf7/value - {"text":"Masker Medis"}
RESULT: {"text":"Masker Medis"}
COMMAND: POST /session/8fce7c40bef7c2af79a5ff5a085b130c/element - {"using":"css selector","value":".v-omnisearch__submit-icon"}
RESULT: {"using":"css selector","value":".v-omnisearch__submit-icon"}
COMMAND: POST /session/8fce7c40bef7c2af79a5ff5a085b130c/element/98bc6f1e-38c4-4a63-bb1c-9cdf9c6f10cb/click - {}
RESULT: {}
COMMAND: GET /session/8fce7c40bef7c2af79a5ff5a085b130c/screenshot - {}
RESULT: {}
COMMAND: DELETE /session/8fce7c40bef7c2af79a5ff5a085b130c - {}
RESULT: {}
]]></system-out>
      <system-err><![CDATA[
ReferenceError: searchInput is not defined
    at Context.<anonymous> (/Users/adityapradana/Desktop/wdio/webdriverio-test/test/specs/search.js:16:9)
]]></system-err>
    </testcase>
  </testsuite>
</testsuites>