<?xml version="1.0" encoding="UTF-8"?>
<testsuites>
  <testsuite name="motorcycle Page" timestamp="2021-08-09T14:59:48" time="6.284" tests="2" failures="0" errors="0" skipped="0">
    <properties>
      <property name="specId" value="0"/>
      <property name="suiteName" value="motorcycle Page"/>
      <property name="capabilities" value="chrome.92_0_4515_131.macosx"/>
      <property name="file" value="./test/specs/motor.js"/>
    </properties>
    <testcase classname="chrome.92_0_4515_131.macosx.motorcycle Page" name="should show the banner container" time="0.64">
      <system-out><![CDATA[
COMMAND: POST /session/0389b42f4a5992ec9a3f89c131c73c02/element - {"using":"css selector","value":".category-main-banner"}
RESULT: {"using":"css selector","value":".category-main-banner"}
COMMAND: POST /session/0389b42f4a5992ec9a3f89c131c73c02/execute/sync - {"script":"return (function isElementDisplayed(element) {\n    function nodeIsElement(node) {\n        if (!node) {\n            return false;\n        }\n        switch (node.nodeType) {\n            case Node.ELEMEN ... (7762 more bytes)","args":[{"element-6066-11e4-a52e-4f735466cecf":"dab605aa-f995-40ce-86d4-500a893b3502","ELEMENT":"dab605aa-f995-40ce-86d4-500a893b3502"}]}
RESULT: {"script":"return (function isElementDisplayed(element) {\n    function nodeIsElement(node) {\n        if (!node) {\n            return false;\n        }\n        switch (node.nodeType) {\n            case Node.ELEMEN ... (7762 more bytes)","args":[{"element-6066-11e4-a52e-4f735466cecf":"dab605aa-f995-40ce-86d4-500a893b3502","ELEMENT":"dab605aa-f995-40ce-86d4-500a893b3502"}]}
COMMAND: GET /session/0389b42f4a5992ec9a3f89c131c73c02/screenshot - {}
RESULT: {}
]]></system-out>
    </testcase>
    <testcase classname="chrome.92_0_4515_131.macosx.motorcycle Page" name="navigate to new url" time="2.196">
      <system-out><![CDATA[
COMMAND: POST /session/0389b42f4a5992ec9a3f89c131c73c02/element - {"using":"css selector","value":".category-main-banner"}
RESULT: {"using":"css selector","value":".category-main-banner"}
COMMAND: POST /session/0389b42f4a5992ec9a3f89c131c73c02/element/dab605aa-f995-40ce-86d4-500a893b3502/click - {}
RESULT: {}
COMMAND: POST /session/0389b42f4a5992ec9a3f89c131c73c02/url - {"url":"https://www.bukalapak.com/promo-campaign/flash-diskon?from=category&section=banner_hero"}
RESULT: {"url":"https://www.bukalapak.com/promo-campaign/flash-diskon?from=category&section=banner_hero"}
COMMAND: GET /session/0389b42f4a5992ec9a3f89c131c73c02/url - {}
RESULT: {}
COMMAND: POST /session/0389b42f4a5992ec9a3f89c131c73c02/element - {"using":"xpath","value":"//p[contains(text(),  'Flash Diskon')]"}
RESULT: {"using":"xpath","value":"//p[contains(text(),  'Flash Diskon')]"}
COMMAND: GET /session/0389b42f4a5992ec9a3f89c131c73c02/element/2aac09ce-e568-43b2-9faf-d7e1815c5fc3/text - {}
RESULT: {}
COMMAND: GET /session/0389b42f4a5992ec9a3f89c131c73c02/url - {}
RESULT: {}
COMMAND: GET /session/0389b42f4a5992ec9a3f89c131c73c02/screenshot - {}
RESULT: {}
COMMAND: DELETE /session/0389b42f4a5992ec9a3f89c131c73c02 - {}
RESULT: {}
]]></system-out>
    </testcase>
  </testsuite>
</testsuites>