<?xml version="1.0" encoding="UTF-8"?>
<testsuites>
  <testsuite name="Bukalapak product search" timestamp="2021-08-18T07:48:00" time="11.113" tests="2" failures="0" errors="0" skipped="0">
    <properties>
      <property name="specId" value="0"/>
      <property name="suiteName" value="Bukalapak product search"/>
      <property name="capabilities" value="chrome.92_0_4515_131.macosx"/>
      <property name="file" value="./test/specs/search.js"/>
    </properties>
    <testcase classname="chrome.92_0_4515_131.macosx.Bukalapak product search" name="should open the main url and verify the title" time="5.738">
      <system-out><![CDATA[
COMMAND: POST /session/f39c2fdc95bf3eb6748c7bd567de1b6c/url - {"url":"https://www.bukalapak.com/"}
RESULT: {"url":"https://www.bukalapak.com/"}
COMMAND: GET /session/f39c2fdc95bf3eb6748c7bd567de1b6c/title - {}
RESULT: {}
COMMAND: GET /session/f39c2fdc95bf3eb6748c7bd567de1b6c/screenshot - {}
RESULT: {}
]]></system-out>
    </testcase>
    <testcase classname="chrome.92_0_4515_131.macosx.Bukalapak product search" name="search a product and verify the result" time="5.36">
      <system-out><![CDATA[
COMMAND: POST /session/f39c2fdc95bf3eb6748c7bd567de1b6c/element - {"using":"css selector","value":"#v-omnisearch__input"}
RESULT: {"using":"css selector","value":"#v-omnisearch__input"}
COMMAND: POST /session/f39c2fdc95bf3eb6748c7bd567de1b6c/element/cf0fa5ad-cd89-4834-a547-074548dced24/value - {"text":"Masker Medis"}
RESULT: {"text":"Masker Medis"}
COMMAND: POST /session/f39c2fdc95bf3eb6748c7bd567de1b6c/element - {"using":"css selector","value":".v-omnisearch__submit-icon"}
RESULT: {"using":"css selector","value":".v-omnisearch__submit-icon"}
COMMAND: POST /session/f39c2fdc95bf3eb6748c7bd567de1b6c/element/52581a8d-0e6f-4077-a570-7f2bc24b5cdf/click - {}
RESULT: {}
COMMAND: POST /session/f39c2fdc95bf3eb6748c7bd567de1b6c/element - {"using":"css selector","value":"#v-omnisearch__input"}
RESULT: {"using":"css selector","value":"#v-omnisearch__input"}
COMMAND: GET /session/f39c2fdc95bf3eb6748c7bd567de1b6c/element/41c2da81-c585-461c-9c8e-b666d3610549/property/value - {}
RESULT: {}
COMMAND: GET /session/f39c2fdc95bf3eb6748c7bd567de1b6c/screenshot - {}
RESULT: {}
COMMAND: DELETE /session/f39c2fdc95bf3eb6748c7bd567de1b6c - {}
RESULT: {}
]]></system-out>
    </testcase>
  </testsuite>
</testsuites>ESULT: {"url":"https://www.bukalapak.com/promo-campaign/flash-diskon?from=category&section=banner_hero"}
COMMAND: GET /session/93ff8497efe6ea50a97c0730e540411a/url - {}
RESULT: {}
COMMAND: POST /session/93ff8497efe6ea50a97c0730e540411a/element - {"using":"xpath","value":"//p[contains(text(),  'Flash Diskon')]"}
RESULT: {"using":"xpath","value":"//p[contains(text(),  'Flash Diskon')]"}
COMMAND: GET /session/93ff8497efe6ea50a97c0730e540411a/element/070b8755-71c5-430f-b6e0-0459e154813d/text - {}
RESULT: {}
COMMAND: GET /session/93ff8497efe6ea50a97c0730e540411a/url - {}
RESULT: {}
COMMAND: GET /session/93ff8497efe6ea50a97c0730e540411a/screenshot - {}
RESULT: {}
COMMAND: DELETE /session/93ff8497efe6ea50a97c0730e540411a - {}
RESULT: {}
]]></system-out>
    </testcase>
  </testsuite>
</testsuites>