<?xml version="1.0" encoding="UTF-8"?>
<testsuites>
  <testsuite name="motorcycle Page" timestamp="2021-08-13T18:14:04" time="5.748" tests="2" failures="0" errors="0" skipped="0">
    <properties>
      <property name="specId" value="0"/>
      <property name="suiteName" value="motorcycle Page"/>
      <property name="capabilities" value="chrome.92_0_4515_131.macosx"/>
      <property name="file" value="./test/specs/motor.js"/>
    </properties>
    <testcase classname="chrome.92_0_4515_131.macosx.motorcycle Page" name="should show the banner container" time="0.647">
      <system-out><![CDATA[
COMMAND: POST /session/885c597209451e340ae8251df550f6b5/element - {"using":"css selector","value":".category-main-banner"}
RESULT: {"using":"css selector","value":".category-main-banner"}
COMMAND: POST /session/885c597209451e340ae8251df550f6b5/execute/sync - {"script":"return (function isElementDisplayed(element) {\n    function nodeIsElement(node) {\n        if (!node) {\n            return false;\n        }\n        switch (node.nodeType) {\n            case Node.ELEMEN ... (7762 more bytes)","args":[{"element-6066-11e4-a52e-4f735466cecf":"7e2995c4-3d88-4ae3-9f1e-e96f5ad8db5a","ELEMENT":"7e2995c4-3d88-4ae3-9f1e-e96f5ad8db5a"}]}
RESULT: {"script":"return (function isElementDisplayed(element) {\n    function nodeIsElement(node) {\n        if (!node) {\n            return false;\n        }\n        switch (node.nodeType) {\n            case Node.ELEMEN ... (7762 more bytes)","args":[{"element-6066-11e4-a52e-4f735466cecf":"7e2995c4-3d88-4ae3-9f1e-e96f5ad8db5a","ELEMENT":"7e2995c4-3d88-4ae3-9f1e-e96f5ad8db5a"}]}
COMMAND: GET /session/885c597209451e340ae8251df550f6b5/screenshot - {}
RESULT: {}
]]></system-out>
    </testcase>
    <testcase classname="chrome.92_0_4515_131.macosx.motorcycle Page" name="navigate to new url" time="2.257">
      <system-out><![CDATA[
COMMAND: POST /session/885c597209451e340ae8251df550f6b5/element - {"using":"css selector","value":".category-main-banner"}
RESULT: {"using":"css selector","value":".category-main-banner"}
COMMAND: POST /session/885c597209451e340ae8251df550f6b5/element/7e2995c4-3d88-4ae3-9f1e-e96f5ad8db5a/click - {}
RESULT: {}
COMMAND: POST /session/885c597209451e340ae8251df550f6b5/url - {"url":"https://www.bukalapak.com/promo-campaign/flash-diskon?from=category&section=banner_hero"}
RESULT: {"url":"https://www.bukalapak.com/promo-campaign/flash-diskon?from=category&section=banner_hero"}
COMMAND: GET /session/885c597209451e340ae8251df550f6b5/url - {}
RESULT: {}
COMMAND: POST /session/885c597209451e340ae8251df550f6b5/element - {"using":"xpath","value":"//p[contains(text(),  'Flash Diskon')]"}
RESULT: {"using":"xpath","value":"//p[contains(text(),  'Flash Diskon')]"}
COMMAND: GET /session/885c597209451e340ae8251df550f6b5/element/1cb927d2-0904-4983-a120-1ce3768c8328/text - {}
RESULT: {}
COMMAND: GET /session/885c597209451e340ae8251df550f6b5/url - {}
RESULT: {}
COMMAND: GET /session/885c597209451e340ae8251df550f6b5/screenshot - {}
RESULT: {}
COMMAND: DELETE /session/885c597209451e340ae8251df550f6b5 - {}
RESULT: {}
]]></system-out>
    </testcase>
  </testsuite>
</testsuites>