<?xml version="1.0" encoding="UTF-8"?>
<testsuites>
  <testsuite name="Bukalapak product search" timestamp="2021-08-09T14:13:34" time="13.402" tests="2" failures="0" errors="0" skipped="0">
    <properties>
      <property name="specId" value="0"/>
      <property name="suiteName" value="Bukalapak product search"/>
      <property name="capabilities" value="chrome.92_0_4515_131.macosx"/>
      <property name="file" value="./test/specs/search.js"/>
    </properties>
    <testcase classname="chrome.92_0_4515_131.macosx.Bukalapak product search" name="should open the main url and verify the title" time="5.945">
      <system-out><![CDATA[
COMMAND: POST /session/ace62477ded9d30d6c0b19cd060d3eb3/url - {"url":"https://www.bukalapak.com/"}
RESULT: {"url":"https://www.bukalapak.com/"}
COMMAND: GET /session/ace62477ded9d30d6c0b19cd060d3eb3/title - {}
RESULT: {}
COMMAND: GET /session/ace62477ded9d30d6c0b19cd060d3eb3/screenshot - {}
RESULT: {}
]]></system-out>
    </testcase>
    <testcase classname="chrome.92_0_4515_131.macosx.Bukalapak product search" name="search a product and verify the result" time="7.437">
      <system-out><![CDATA[
COMMAND: POST /session/ace62477ded9d30d6c0b19cd060d3eb3/element - {"using":"css selector","value":"#v-omnisearch__input"}
RESULT: {"using":"css selector","value":"#v-omnisearch__input"}
COMMAND: POST /session/ace62477ded9d30d6c0b19cd060d3eb3/element/8e73446f-2875-4c4a-8229-c53860a31482/value - {"text":"Masker Medis"}
RESULT: {"text":"Masker Medis"}
COMMAND: POST /session/ace62477ded9d30d6c0b19cd060d3eb3/element - {"using":"css selector","value":".v-omnisearch__submit-icon"}
RESULT: {"using":"css selector","value":".v-omnisearch__submit-icon"}
COMMAND: POST /session/ace62477ded9d30d6c0b19cd060d3eb3/element/d210409f-ea39-476f-af93-422004f8aa13/click - {}
RESULT: {}
COMMAND: POST /session/ace62477ded9d30d6c0b19cd060d3eb3/element - {"using":"css selector","value":"#v-omnisearch__input"}
RESULT: {"using":"css selector","value":"#v-omnisearch__input"}
COMMAND: GET /session/ace62477ded9d30d6c0b19cd060d3eb3/element/cb5089c8-6656-40e3-a9e4-c1ac83617e22/property/value - {}
RESULT: {}
COMMAND: GET /session/ace62477ded9d30d6c0b19cd060d3eb3/screenshot - {}
RESULT: {}
COMMAND: DELETE /session/ace62477ded9d30d6c0b19cd060d3eb3 - {}
RESULT: {}
]]></system-out>
    </testcase>
  </testsuite>
</testsuites>