<?xml version="1.0" encoding="UTF-8"?>
<testsuites>
  <testsuite name="Bukalapak product search" timestamp="2021-08-20T17:16:56" time="13.974" tests="2" failures="0" errors="0" skipped="0">
    <properties>
      <property name="specId" value="0"/>
      <property name="suiteName" value="Bukalapak product search"/>
      <property name="capabilities" value="chrome.92_0_4515_159.macosx"/>
      <property name="file" value="./test/specs/search.js"/>
    </properties>
    <testcase classname="chrome.92_0_4515_159.macosx.Bukalapak product search" name="should open the main url and verify the title" time="9.164">
      <system-out><![CDATA[
COMMAND: POST /session/3d192944e7779fa23dc53053f42d4bb9/url - {"url":"https://www.bukalapak.com/"}
RESULT: {"url":"https://www.bukalapak.com/"}
COMMAND: GET /session/3d192944e7779fa23dc53053f42d4bb9/title - {}
RESULT: {}
COMMAND: GET /session/3d192944e7779fa23dc53053f42d4bb9/screenshot - {}
RESULT: {}
]]></system-out>
    </testcase>
    <testcase classname="chrome.92_0_4515_159.macosx.Bukalapak product search" name="search a product and verify the result" time="4.792">
      <system-out><![CDATA[
COMMAND: POST /session/3d192944e7779fa23dc53053f42d4bb9/element - {"using":"css selector","value":"#v-omnisearch__input"}
RESULT: {"using":"css selector","value":"#v-omnisearch__input"}
COMMAND: POST /session/3d192944e7779fa23dc53053f42d4bb9/element/ca9c964d-4f18-4238-90eb-9a6762a4c11f/value - {"text":"Masker Medis"}
RESULT: {"text":"Masker Medis"}
COMMAND: POST /session/3d192944e7779fa23dc53053f42d4bb9/element - {"using":"css selector","value":".v-omnisearch__submit-icon"}
RESULT: {"using":"css selector","value":".v-omnisearch__submit-icon"}
COMMAND: POST /session/3d192944e7779fa23dc53053f42d4bb9/element/04f23ada-2f2a-487a-b476-7ef7fdf7d6ab/click - {}
RESULT: {}
COMMAND: POST /session/3d192944e7779fa23dc53053f42d4bb9/element - {"using":"css selector","value":"#v-omnisearch__input"}
RESULT: {"using":"css selector","value":"#v-omnisearch__input"}
COMMAND: GET /session/3d192944e7779fa23dc53053f42d4bb9/element/97d3e88e-3794-4286-adfd-ca354df7a505/property/value - {}
RESULT: {}
COMMAND: GET /session/3d192944e7779fa23dc53053f42d4bb9/screenshot - {}
RESULT: {}
COMMAND: DELETE /session/3d192944e7779fa23dc53053f42d4bb9 - {}
RESULT: {}
]]></system-out>
    </testcase>
  </testsuite>
</testsuites>